TN:project_tests_test_email
SF:/home/nerisuyu/VScode/DZ2/project/utils/utils.c
FN:10,create_random_text
FNDA:2000,create_random_text
FN:18,create_username_list
FNDA:1,create_username_list
FN:39,free_username_list
FNDA:1,free_username_list
DA:10,2000
DA:12,2000
DA:13,10000
DA:14,2000
DA:15,2000
DA:18,1
DA:19,1
DA:20,1
DA:23,1
DA:24,101
DA:25,100
DA:27,101
DA:28,100
DA:29,300
DA:30,200
DA:31,200
DA:33,100
DA:36,1
DA:39,1
DA:40,101
DA:41,100
DA:43,1
DA:44,1
end_of_record
TN:project_tests_test_email
SF:/home/nerisuyu/VScode/DZ2/project/email_lib/email.c
FN:15,create_random_email
FNDA:0,create_random_email
FN:40,free_email
FNDA:0,free_email
FN:47,find_biggest_sender
FNDA:0,find_biggest_sender
DA:15,0
DA:22,0
DA:24,0
DA:25,0
DA:26,0
DA:28,0
DA:29,0
DA:30,0
DA:31,0
DA:33,0
DA:34,0
DA:35,0
DA:36,0
DA:37,0
DA:40,0
DA:41,0
DA:42,0
DA:43,0
DA:44,0
DA:45,0
DA:47,0
DA:50,0
DA:51,0
DA:52,0
DA:55,0
DA:56,0
DA:57,0
DA:60,0
DA:61,0
DA:63,0
DA:64,0
end_of_record
